0 verbose cli /usr/local/bin/node /usr/local/bin/npm
1 info using npm@10.5.0
2 info using node@v21.6.2
3 timing npm:load:whichnode Completed in 0ms
4 timing config:load:defaults Completed in 1ms
5 timing config:load:file:/usr/local/lib/node_modules/npm/npmrc Completed in 0ms
6 timing config:load:builtin Completed in 0ms
7 timing config:load:cli Completed in 1ms
8 timing config:load:env Completed in 0ms
9 timing config:load:project Completed in 1ms
10 timing config:load:file:/Users/davidvalle/.npmrc Completed in 1ms
11 timing config:load:user Completed in 1ms
12 timing config:load:file:/usr/local/etc/npmrc Completed in 0ms
13 timing config:load:global Completed in 0ms
14 timing config:load:setEnvs Completed in 0ms
15 timing config:load Completed in 4ms
16 timing npm:load:configload Completed in 4ms
17 timing config:load:flatten Completed in 1ms
18 timing npm:load:mkdirpcache Completed in 0ms
19 timing npm:load:mkdirplogs Completed in 0ms
20 verbose title npm run dev
21 verbose argv "run" "dev"
22 timing npm:load:setTitle Completed in 5ms
23 timing npm:load:display Completed in 0ms
24 verbose logfile logs-max:10 dir:/Users/davidvalle/Desktop/Portfolio Website/My-Portfolio/C:Usersdavidvalle/npm-cache/_logs/2024-05-11T23_40_39_890Z-
25 verbose logfile /Users/davidvalle/Desktop/Portfolio Website/My-Portfolio/C:Usersdavidvalle/npm-cache/_logs/2024-05-11T23_40_39_890Z-debug-0.log
26 timing npm:load:logFile Completed in 4ms
27 timing npm:load:timers Completed in 0ms
28 timing npm:load:configScope Completed in 0ms
29 timing npm:load Completed in 19ms
30 silly logfile done cleaning log files
31 timing command:run Completed in 9ms
32 verbose stack Error: Missing script: "dev"
32 verbose stack
32 verbose stack To see a list of scripts, run:
32 verbose stack   npm run
32 verbose stack     at RunScript.run (/usr/local/lib/node_modules/npm/lib/commands/run-script.js:94:13)
32 verbose stack     at async module.exports (/usr/local/lib/node_modules/npm/lib/cli-entry.js:61:5)
33 verbose cwd /Users/davidvalle/Desktop/Portfolio Website/My-Portfolio
34 verbose Darwin 23.3.0
35 verbose node v21.6.2
36 verbose npm  v10.5.0
37 error Missing script: "dev"
37 error
37 error To see a list of scripts, run:
37 error   npm run
38 verbose exit 1
39 timing npm Completed in 48ms
40 verbose code 1
41 error A complete log of this run can be found in: /Users/davidvalle/Desktop/Portfolio Website/My-Portfolio/C:Usersdavidvalle/npm-cache/_logs/2024-05-11T23_40_39_890Z-debug-0.log
